The system is: Windows - 10.0.26100 - AMD64
Compiling the C compiler identification source file "CMakeCCompilerId.c" succeeded.
Compiler:  
Build flags: 
Id flags:  

The output was:
0
MSBuild 縺ｮ繝舌・繧ｸ繝ｧ繝ｳ 17.14.23+b0019275e (.NET Framework)
2026/01/14 23:04:18 縺ｫ繝薙Ν繝峨ｒ髢句ｧ九＠縺ｾ縺励◆縲・

繝弱・繝・1 荳翫・繝励Ο繧ｸ繧ｧ繧ｯ繝・"C:\A\Extensions\volume_math\build\CMakeFiles\3.24.1\CompilerIdC\CompilerIdC.vcxproj" (譌｢螳壹・繧ｿ繝ｼ繧ｲ繝・ヨ)縲・
PrepareForBuild:
  繝・ぅ繝ｬ繧ｯ繝医Μ "Debug\" 繧剃ｽ懈・縺励※縺・∪縺吶・
  讒矩蛹門・蜉帙′譛牙柑縺ｫ縺ｪ縺｣縺ｦ縺・∪縺吶ゅさ繝ｳ繝代う繝ｩ險ｺ譁ｭ縺ｮ譖ｸ蠑剰ｨｭ螳壹↓縺ｯ繧ｨ繝ｩ繝ｼ髫主ｱ､縺悟渚譏縺輔ｌ縺ｾ縺吶りｩｳ邏ｰ縺ｫ縺､縺・※縺ｯ縲”ttps://aka.ms/cpp/structured-output 繧貞盾辣ｧ縺励※縺上□縺輔＞縲・
  繝・ぅ繝ｬ繧ｯ繝医Μ "Debug\CompilerIdC.tlog\" 繧剃ｽ懈・縺励※縺・∪縺吶・
InitializeBuildStatus:
  "AlwaysCreate" 縺梧欠螳壹＆繧後◆縺溘ａ "Debug\CompilerIdC.tlog\unsuccessfulbuild" 繧剃ｽ懈・縺励※縺・∪縺吶・
  "Debug\CompilerIdC.tlog\unsuccessfulbuild" 縺ｮ繧ｿ繝・メ 繧ｿ繧ｹ繧ｯ繧貞ｮ溯｡後＠縺ｦ縺・∪縺吶・
ClCompile:
  C:\Program Files\Microsoft Visual Studio\2022\Community\VC\Tools\MSVC\14.44.35207\bin\HostX86\x86\CL.exe /c /nologo /W0 /WX- /diagnostics:column /Od /Oy- /D _MBCS /Gm- /EHsc /RTC1 /MDd /GS /fp:precise /Zc:wchar_t /Zc:forScope /Zc:inline /Fo"Debug\\" /Fd"Debug\vc143.pdb" /external:W0 /Gd /TC /analyze- /FC /errorReport:queue CMakeCCompilerId.c
  CMakeCCompilerId.c
Link:
  C:\Program Files\Microsoft Visual Studio\2022\Community\VC\Tools\MSVC\14.44.35207\bin\HostX86\x86\link.exe /ERRORREPORT:QUEUE /OUT:".\CompilerIdC.exe" /INCREMENTAL:NO /NOLOGO kernel32.lib user32.lib gdi32.lib winspool.lib comdlg32.lib advapi32.lib shell32.lib ole32.lib oleaut32.lib uuid.lib odbc32.lib odbccp32.lib /MANIFEST /MANIFESTUAC:"level='asInvoker' uiAccess='false'" /manifest:embed /PDB:".\CompilerIdC.pdb" /SUBSYSTEM:CONSOLE /TLBID:1 /DYNAMICBASE /NXCOMPAT /IMPLIB:".\CompilerIdC.lib" /MACHINE:X86 /SAFESEH Debug\CMakeCCompilerId.obj
  CompilerIdC.vcxproj -> C:\A\Extensions\volume_math\build\CMakeFiles\3.24.1\CompilerIdC\CompilerIdC.exe
PostBuildEvent:
  for %%i in (cl.exe) do @echo CMAKE_C_COMPILER=%%~$PATH:i
  :VCEnd
  CMAKE_C_COMPILER=C:\Program Files\Microsoft Visual Studio\2022\Community\VC\Tools\MSVC\14.44.35207\bin\Hostx86\x86\cl.exe
FinalizeBuildStatus:
  繝輔ぃ繧､繝ｫ "Debug\CompilerIdC.tlog\unsuccessfulbuild" 繧貞炎髯､縺励※縺・∪縺吶・
  "Debug\CompilerIdC.tlog\CompilerIdC.lastbuildstate" 縺ｮ繧ｿ繝・メ 繧ｿ繧ｹ繧ｯ繧貞ｮ溯｡後＠縺ｦ縺・∪縺吶・
繝励Ο繧ｸ繧ｧ繧ｯ繝・"C:\A\Extensions\volume_math\build\CMakeFiles\3.24.1\CompilerIdC\CompilerIdC.vcxproj" (譌｢螳壹・繧ｿ繝ｼ繧ｲ繝・ヨ) 縺ｮ繝薙Ν繝峨′螳御ｺ・＠縺ｾ縺励◆縲・

繝薙Ν繝峨↓謌仙粥縺励∪縺励◆縲・
    0 蛟九・隴ｦ蜻・
    0 繧ｨ繝ｩ繝ｼ

邨碁℃譎る俣 00:00:01.17


Compilation of the C compiler identification source "CMakeCCompilerId.c" produced "CompilerIdC.exe"

Compilation of the C compiler identification source "CMakeCCompilerId.c" produced "CompilerIdC.vcxproj"

The C compiler identification is MSVC, found in "C:/A/Extensions/volume_math/build/CMakeFiles/3.24.1/CompilerIdC/CompilerIdC.exe"

Compiling the CXX compiler identification source file "CMakeCXXCompilerId.cpp" succeeded.
Compiler:  
Build flags: 
Id flags:  

The output was:
0
MSBuild 縺ｮ繝舌・繧ｸ繝ｧ繝ｳ 17.14.23+b0019275e (.NET Framework)
2026/01/14 23:04:20 縺ｫ繝薙Ν繝峨ｒ髢句ｧ九＠縺ｾ縺励◆縲・

繝弱・繝・1 荳翫・繝励Ο繧ｸ繧ｧ繧ｯ繝・"C:\A\Extensions\volume_math\build\CMakeFiles\3.24.1\CompilerIdCXX\CompilerIdCXX.vcxproj" (譌｢螳壹・繧ｿ繝ｼ繧ｲ繝・ヨ)縲・
PrepareForBuild:
  繝・ぅ繝ｬ繧ｯ繝医Μ "Debug\" 繧剃ｽ懈・縺励※縺・∪縺吶・
  讒矩蛹門・蜉帙′譛牙柑縺ｫ縺ｪ縺｣縺ｦ縺・∪縺吶ゅさ繝ｳ繝代う繝ｩ險ｺ譁ｭ縺ｮ譖ｸ蠑剰ｨｭ螳壹↓縺ｯ繧ｨ繝ｩ繝ｼ髫主ｱ､縺悟渚譏縺輔ｌ縺ｾ縺吶りｩｳ邏ｰ縺ｫ縺､縺・※縺ｯ縲”ttps://aka.ms/cpp/structured-output 繧貞盾辣ｧ縺励※縺上□縺輔＞縲・
  繝・ぅ繝ｬ繧ｯ繝医Μ "Debug\CompilerIdCXX.tlog\" 繧剃ｽ懈・縺励※縺・∪縺吶・
InitializeBuildStatus:
  "AlwaysCreate" 縺梧欠螳壹＆繧後◆縺溘ａ "Debug\CompilerIdCXX.tlog\unsuccessfulbuild" 繧剃ｽ懈・縺励※縺・∪縺吶・
  "Debug\CompilerIdCXX.tlog\unsuccessfulbuild" 縺ｮ繧ｿ繝・メ 繧ｿ繧ｹ繧ｯ繧貞ｮ溯｡後＠縺ｦ縺・∪縺吶・
ClCompile:
  C:\Program Files\Microsoft Visual Studio\2022\Community\VC\Tools\MSVC\14.44.35207\bin\HostX86\x86\CL.exe /c /nologo /W0 /WX- /diagnostics:column /Od /Oy- /D _MBCS /Gm- /EHsc /RTC1 /MDd /GS /fp:precise /Zc:wchar_t /Zc:forScope /Zc:inline /Fo"Debug\\" /Fd"Debug\vc143.pdb" /external:W0 /Gd /TP /analyze- /FC /errorReport:queue CMakeCXXCompilerId.cpp
  CMakeCXXCompilerId.cpp
Link:
  C:\Program Files\Microsoft Visual Studio\2022\Community\VC\Tools\MSVC\14.44.35207\bin\HostX86\x86\link.exe /ERRORREPORT:QUEUE /OUT:".\CompilerIdCXX.exe" /INCREMENTAL:NO /NOLOGO kernel32.lib user32.lib gdi32.lib winspool.lib comdlg32.lib advapi32.lib shell32.lib ole32.lib oleaut32.lib uuid.lib odbc32.lib odbccp32.lib /MANIFEST /MANIFESTUAC:"level='asInvoker' uiAccess='false'" /manifest:embed /PDB:".\CompilerIdCXX.pdb" /SUBSYSTEM:CONSOLE /TLBID:1 /DYNAMICBASE /NXCOMPAT /IMPLIB:".\CompilerIdCXX.lib" /MACHINE:X86 /SAFESEH Debug\CMakeCXXCompilerId.obj
  CompilerIdCXX.vcxproj -> C:\A\Extensions\volume_math\build\CMakeFiles\3.24.1\CompilerIdCXX\CompilerIdCXX.exe
PostBuildEvent:
  for %%i in (cl.exe) do @echo CMAKE_CXX_COMPILER=%%~$PATH:i
  :VCEnd
  CMAKE_CXX_COMPILER=C:\Program Files\Microsoft Visual Studio\2022\Community\VC\Tools\MSVC\14.44.35207\bin\Hostx86\x86\cl.exe
FinalizeBuildStatus:
  繝輔ぃ繧､繝ｫ "Debug\CompilerIdCXX.tlog\unsuccessfulbuild" 繧貞炎髯､縺励※縺・∪縺吶・
  "Debug\CompilerIdCXX.tlog\CompilerIdCXX.lastbuildstate" 縺ｮ繧ｿ繝・メ 繧ｿ繧ｹ繧ｯ繧貞ｮ溯｡後＠縺ｦ縺・∪縺吶・
繝励Ο繧ｸ繧ｧ繧ｯ繝・"C:\A\Extensions\volume_math\build\CMakeFiles\3.24.1\CompilerIdCXX\CompilerIdCXX.vcxproj" (譌｢螳壹・繧ｿ繝ｼ繧ｲ繝・ヨ) 縺ｮ繝薙Ν繝峨′螳御ｺ・＠縺ｾ縺励◆縲・

繝薙Ν繝峨↓謌仙粥縺励∪縺励◆縲・
    0 蛟九・隴ｦ蜻・
    0 繧ｨ繝ｩ繝ｼ

邨碁℃譎る俣 00:00:00.46


Compilation of the CXX compiler identification source "CMakeCXXCompilerId.cpp" produced "CompilerIdCXX.exe"

Compilation of the CXX compiler identification source "CMakeCXXCompilerId.cpp" produced "CompilerIdCXX.vcxproj"

The CXX compiler identification is MSVC, found in "C:/A/Extensions/volume_math/build/CMakeFiles/3.24.1/CompilerIdCXX/CompilerIdCXX.exe"

Detecting C compiler ABI info compiled with the following output:
Change Dir: C:/A/Extensions/volume_math/build/CMakeFiles/CMakeTmp

Run Build Command(s):C:/Program Files/Microsoft Visual Studio/2022/Community/MSBuild/Current/Bin/amd64/MSBuild.exe cmTC_3350c.vcxproj /p:Configuration=Debug /p:Platform=win32 /p:VisualStudioVersion=17.0 /v:m && MSBuild 縺ｮ繝舌・繧ｸ繝ｧ繝ｳ 17.14.23+b0019275e (.NET Framework)

  Microsoft(R) C/C++ Optimizing Compiler Version 19.44.35222 for x86
  Copyright (C) Microsoft Corporation.  All rights reserved.
  cl /c /Zi /W1 /WX- /diagnostics:column /Od /Ob0 /Oy- /D _MBCS /D WIN32 /D _WINDOWS /D "CMAKE_INTDIR=\"Debug\"" /Gm- /RTC1 /MDd /GS /fp:precise /Zc:wchar_t /Zc:forScope /Zc:inline /Fo"cmTC_3350c.dir\Debug\\" /Fd"cmTC_3350c.dir\Debug\vc143.pdb" /external:W1 /Gd /TC /analyze- /errorReport:queue "C:\Program Files\CMake\share\cmake-3.24\Modules\CMakeCCompilerABI.c"
  CMakeCCompilerABI.c
  cmTC_3350c.vcxproj -> C:\A\Extensions\volume_math\build\CMakeFiles\CMakeTmp\Debug\cmTC_3350c.exe



Detecting CXX compiler ABI info compiled with the following output:
Change Dir: C:/A/Extensions/volume_math/build/CMakeFiles/CMakeTmp

Run Build Command(s):C:/Program Files/Microsoft Visual Studio/2022/Community/MSBuild/Current/Bin/amd64/MSBuild.exe cmTC_e4209.vcxproj /p:Configuration=Debug /p:Platform=win32 /p:VisualStudioVersion=17.0 /v:m && MSBuild 縺ｮ繝舌・繧ｸ繝ｧ繝ｳ 17.14.23+b0019275e (.NET Framework)

  Microsoft(R) C/C++ Optimizing Compiler Version 19.44.35222 for x86
  Copyright (C) Microsoft Corporation.  All rights reserved.
  cl /c /Zi /W1 /WX- /diagnostics:column /Od /Ob0 /Oy- /D _MBCS /D WIN32 /D _WINDOWS /D "CMAKE_INTDIR=\"Debug\"" /Gm- /EHsc /RTC1 /MDd /GS /fp:precise /Zc:wchar_t /Zc:forScope /Zc:inline /GR /Fo"cmTC_e4209.dir\Debug\\" /Fd"cmTC_e4209.dir\Debug\vc143.pdb" /external:W1 /Gd /TP /analyze- /errorReport:queue "C:\Program Files\CMake\share\cmake-3.24\Modules\CMakeCXXCompilerABI.cpp"
  CMakeCXXCompilerABI.cpp
  cmTC_e4209.vcxproj -> C:\A\Extensions\volume_math\build\CMakeFiles\CMakeTmp\Debug\cmTC_e4209.exe



